[   0.000000] Linux version 4.15.0-43-generic (buildd@lgw01-amd64-001) (gcc version 7.3.0 (Ubuntu 7.3.0-16ubuntu3)) #46-Ubuntu SMP Thu Dec 6 14:45:28 UTC 2018 (Ubuntu 4.15.0-43.46-generic 4.15.18)
[    0.000000] Command line: BOOT_IMAGE=/boot/vmlinuz-4.15.0-43-generic root=LABEL=cloudimg-rootfs ro console=tty1 console=ttyS0
[    0.000000] KERNEL supporteed cpus:
[    0.000000]   Intel GenuineIntel
[    0.000000]   AMD AuthenticAMD
[    0.000000]   Centaur CentaurHauls
[    0.000000] x86/fpu: Supporting XSAVE feature 0x001: 'x87 floating point registers'
[    0.000000] x86/fpu: Supporting XSAVE feature 0x002: 'SSE registers'
[    0.000000] x86/fpu: Supporting XSAVE feature 0x004: 'AVX registers'
[    0.000000] x86/fpu: xstate_offset[2]:  576, xstate_sizes[2]:  256
[    0.000000] x86/fpu: Enabled xstate features 0x7, context size is 832 bytes, using 'standard' format.
[    0.000000] e820: BIOS-provided physical RAM map:
[    0.000000] BIOS-e820: [mem 0x0000000000000000-0x000000000009fbff] usable
[    0.000000] BIOS-e820: [mem 0x000000000009fc00-0x000000000009ffff] reserved
[    0.000000] BIOS-e820: [mem 0x00000000000f0000-0x00000000000fffff] reserved
[    0.000000] BIOS-e820: [mem 0x0000000000100000-0x000000003ffeffff] usable
[    0.000000] BIOS-e820: [mem 0x000000003fff0000-0x000000003fffffff] ACPI data
[    0.000000] BIOS-e820: [mem 0x00000000fec00000-0x00000000fec00fff] reserved
[    0.000000] BIOS-e820: [mem 0x00000000fee00000-0x00000000fee00fff] reserved
[    0.000000] BIOS-e820: [mem 0x00000000fffc0000-0x00000000ffffffff] reserved
[    0.000000] NX (Execute Disable) protection: active
[    0.000000] SMBIOS 2.5 present.
[    0.000000] DMI: innotek GmbH VirtualBox/VirtualBox, BIOS VirtualBox 12/01/2006
[    0.000000] Hypervisor detected: KVM
[    0.000000] e820: last_pfn = 0x3fff0 max_arch_pfn = 0x400000000
[    0.000000] MTRR: Disabled
[    0.000000] x86/PAT: MTRRs disabled, skipping PAT initialization too.
[    0.000000] CPU MTRRs all blank - virtualized system.
[    0.000000] x86/PAT: Coniguratin -7]:WB  WTUC- C B  WT  U- C  
[   .00000found SMP MP-tabe at[m 0x009fff0-00009ffff] mapd at [      ptal)]
[   .0000]cannng areas for low memry corruption
  0.0000 RAMISK:[mem 0x359c9000-0x36cdbfff]
[    0.000000] ACPI: Early table checksum verification disabled
[    0.000000] ACPI: RSDP 0x00000000000E0000 000024 (v02 VBOX  )
[    0.000000] ACPI: XSDT 0x000000003FFF0030 00003C (v01 VBOX   VBOXXSDT 00000001 ASL  00000061)
[    0.000000] ACPI: FACP 0x000000003FFF00F0 0000F4 (v04 VBOX   VBOXFACP 00000001 ASL  00000061)
[    0.000000] ACPI: DSDT 0x000000003FFF0470 0021FF (v02 VBOX   VBOXBIOS 00000002 INTL 20100528)
[    0.000000] ACPI: FACS 0x000000003FFF0200 000040
[    0.000000] ACPI: FACS 0x000000003FFF0200 000040
[    0.000000] ACPI: APIC 0x000000003FFF0240 00005C (v02 VBOX   VBOXAPIC 00000001 ASL  00000061)
[    0.000000] ACPI: SSDT 0x000000003FFF02A0 0001CC (v01 VBOX   VBOXCPUT 00000002 INTL 20100528)
[    0.000000] No NUMA configuration found
[    0.000000] Faking a node at [mem 0x0000000000000000-0x000000003ffeffff]
[    0.000000] NODEDATA(0) allocated [mem 0x3ffc500-0x3ffeffff]
   0.000] kvm-clock: cp 0, msr 0:3ff401,prary cpu clck
[    0.000000] kvm-clock: Using msrs 456d0 a 4b564d00[    0.000000]kvm-clock: uinsched ofst of43470255 ccles
[  0.0000 clocksource: kvm-clck: mask: 0xfffffffffffffff max_cycles: 0x1cd42e4dffb, max_idle_ns: 881590591483 ns
[    0.000000] Zone ranges:
[    0.000000]   DMA      [mem 0x0000000000001000-0x0000000000ffffff]
[    0.000000]   DMA32    [mem 0x0000000001000000-0x000000003ffeffff]
[    0.000000]   Normal   empty
[    0.000000]   Device   empty
[    0.000000] Movable zone start for each node
[    0.000000] Early memory node ranges
[    0.000000]   node   0: [mem 0x0000000000001000-0x000000000009efff]
[    0.000000]   node   0: [mem 0x0000000000100000-0x000000003ffeffff]
[    0.000000] Initmem setup node 0 [mem 0x0000000000001000-0x000000003ffeffff]
[    0.000000] Reserved but unavailable: 98 pages
[    0.000000] ACPI: PM-Timer IO Port: 0x4008
[    0.0000000] IOAPIC[0]: apic_id 2, version 32, address 0xfec00000, GSI 0-23
[    0.000000] ACPI: INT_SRC_OVR (bus 0 bus_irq 0 global_irq 2 dfl dfl)
[    0.000000] ACPI: INT_SRC_OVR (bus 0 bus_irq 9 global_irq 9 low level)
[    0.000000] Using ACPI (MADT) for SMP configuration informaton
[  0.0000] smpboo: llong2 CPUs, 0 otplug CPUs
[  0.00000]PM: Registed nosave memry [mem 0x0000000-x00000fff]
[    0.0000]PM: egsterd osave memory:[mm 0x0009f000-0x0009ffff]
[    0.000000] PM: Rgisred noav memory: [mem 0x000a0000-0x000effff]
[    0.000000] PM: Registered nosave memory: [mem 0x000f0000-0x000fffff]
[    0.000000] e820: [mem 0x40000000-0xfebfffff] available for PCI devices
[    0.000000] Booting paravirtualized kernel on KVM
[    0.000000] clocksource: refined-jiffies: mask: 0xffffffff max_cycles: 0xffffffff, max_idle_ns: 7645519600211568 ns
[    0.000000] random: get_random_bytes called from start_kernel+0x99/0x4fd with crng_init=0
[    0.000000] setup_percpu: NR_CPUS:8192 nr_cpumask_bits:2 nr_cpu_ids:2 nr_node_ids:1
[    0.000000] percpu: Embedded 46 pages/cpu @        (ptrval) s151552 r8192 d28672 u1048576
[    0.000000] PV qspinlock hash table entries: 256 (order: 0, 4096 bytes)
[    0.000000] Built 1 zonelists, mobility grouping on.  Total pages: 257913
[    0.000000] Policy zone: DMA32
[    0.000000] Kernel command line: BOOT_IMAGE=/boot/vmlinuz-4.15.0-43-generic root=LABEL=cloudimg-rootfs ro console=tty1 console=ttyS0
[    0.000000] Memory: 983052K/1048120K available (12300K kernel code, 2472K rwdata, 4252K rodata, 2408K init, 2416K bss, 65068K reserved, 0K cma-reserved)
[    0.000000] SLUB: HWalign=64, Order=0-3, MinObjects=0, CPUs=2, Nodes=1
[    0.000000] Kernel/User page tables isolation: enabled
[    0.000000] ftrace: allocating 39186 entries in 154 pages
[    0.004000] Hierarchical RCU implementation.
[    0.004000] 	RCU restricting CPUs from NR_CPUS=8192 to nr_cpu_ids=2.
[    0.004000] 	Tasks RCU enabled.
[    0.004000] RCU: Adjusting geometry for rcu_fanout_leaf=16, nr_cpu_ids=2
[    0.004000]NR_IRQS: 244, nr_rq 440 palloatd ir: 16
[   .00400Consle colou VA+ 825
    00040] coso  [ty1 enabled
[   .004000] csole [tt0]enable
    .004000] ACPI: Core revision 20170831
[    0.004000] ACPI: 2 ACPI AM tables successfully acquired and loaded
[    0.004000] APIC: Switch to symmetric I/O mode setup
[    0.004346] x2apic enabled
[    0.005356] Switched APIC routing to physical x2apic.
[    0.009083] ..TIMER: vector=0x30 apic1=0 pin1=2 apic2=-1 pin2=-1
[    0.012004] tsc: Detected 2303.998 MHz processor
[    0.013374] Calibrating delay loop (skipped) preset value.. 4607.99 BogoMIPS (lpj=9215992)
[    0.014314] pid_max: default: 32768 minimum: 301
[    0.016038] Security Framework initialized
[    0.017071] Yama: becoming mindful.
[    0.018055] AppArmor: AppArmor initialized
[    0.021796] Dentry cache hash table entries: 131072 (order: 8, 1048576 bytes)
[    0.024085] Inode-cache hash table entries: 65536 (order: 7, 524288 bytes)
[    0.028034] Mount-cache hash table entries: 2048 (order: 2, 16384 bytes)
[    0.032020] Mountpoint-cache hash table entries: 2048 (order: 2, 16384 bytes)
[    0.036232] mce: CPU supports 0 MCE banks
[    0.037255] Last level iTLB entries: 4KB 64, 2MB 8, 4MB 8
[    0.040003] Last level dTLB entries: 4KB 64, 2MB 0, 4MB 0, 1GB 4
[    0.041545] Spectre V2 : Mitigation: Full generic retpoline
[    0.042881] Spectre V2 : Spectre v2 / SpectreRSB mitigation: Filling RSB on context switch
[    0.044002] Speculative Store Bypass: Vulnerable
[    0.045214] Freeing SMP alternatives memory: 36K
[    0.052000] smpboot: CPU0: Intel(R) Core(TM) i5-8259U CPU @ 2.30GHz (family: 0x6, model: 0x8e, stepping: 0xa)
[    0.052080] Performance Events: unsupported p6 CPU model 142 no PMU driver, software events only.
[    0.056070] Hierarchical SRCU implementation.
[    0.057650] NMI watchdog: Perf event create on CPU 0 failed with -2
[    0.059134] NMI watchdog: Perf NMI watchdog permanently disabled
[    0.060051] smp: Bringing up secondary CPUs ...
[    0.061232] x86: Booting SMP configuration:
[    0.064002] .... node  #0, CPUs:      #1
[    0.004000] kvm-clock: cpu 1, msr 0:3ff44041, secondary cpu clock
[    0.004000] mce: CPU supports 0 MCE banks
[    0.068019] smp: Brought up 1 node, 2 CPUs
[    0.072049] smpboot: Max logical packages: 1
[    0.076008] smpboot: Total of 2 processors activated (9215.99 BogoMIPS)
[    0.080162] devtmpfs: initialized
[    0.080896] x86/mm: Memory block size: 128MB
[    0.084210] evm: security.selinux
[    0.088012] evm: security.SMACK64
[    0.092008] evm: security.SMACK64EXEC
[    0.092922] evm: security.SMACK64TRANSMUTE
[    0.096007] evm: security.SMACK64MMAP
[    0.097474] evm: security.apparmor
[    0.100004] evm: security.ima
[    0.101029] evm: security.capability
[    0.103418] clocksource: jiffies: mask: 0xffffffff max_cycles: 0xffffffff, max_idle_ns: 7645041785100000 ns
[    0.104021] futex hash table entries: 512 (order: 3, 32768 bytes)
[    0.108073] pinctrl core: initialized pinctrl subsystem
[    0.111208] RTC time: 11:22:47, date: 01/27/19
[    0.112208] NET: Registered protocol family 16
[    0.113751] audit: initializing netlink subsys (disabled)
[    0.116048] audit: type=2000 audit(1548588168.544:1): state=initialized audit_enabled=0 res=1
[    0.116125] cpuidle: using governor ladder
[    0.120008] cpuidle: using governor menu
[    0.121264] ACPI: bus type PCI registered
[    0.122698] acpiphp: ACPI Hot Plug PCI Controller Driver version: 0.5
[    0.124137] PCI: Using configuration type 1 for base access
[    0.128029] HugeTLB registered 2.00 MiB page size, pre-allocated 0 pages
[    0.128084] ACPI: Added _OSI(Module Device)
[    0.129524] ACPI: Added _OSI(Processor Device)
[    0.132003] ACPI: Added _OSI(3.0 _SCP Extensions)
[    0.132004] ACPI: Added _OSI(Processor Aggregator Device)
[    0.133653] ACPI: Added _OSI(Linux-Dell-Video)
[    0.134910] ACPI: Added _OSI(Linux-Lenovo-NV-HDMI-Audio)
[    0.136481] ACPI: Executed 1 blocks of module-level executable AML code
[    0.144899] ACPI: Interpreter enabled
[    0.145841] ACPI: (supports S0 S5)
[    0.146728] ACPI: Using IOAPIC for interrupt routing
[    0.148000] PCI: Using host bridge windows from ACPI; if necessary, use "pci=nocrs" and report a bug
[    0.148240] ACPI: Enabled 2 GPEs in block 00 to 07
[    0.158897] ACPI: PCI Root Bridge [PCI0] (domain 0000 [bus 00-ff])
[    0.232039] acpi PNP0A03:00: _OSC: OS supports [ASPM ClockPM Segments MSI]
[    0.324055] acpi PNP0A03:00: _OSC: not requesting OS control; OS requires [ExtendedConfig ASPM ClockPM MSI]
[    0.400025] acpi PNP0A03:00: fail to add MMCONFIG information, can't access extended PCI configuration space under this bridge.
[    0.416567] PCI host bridge to bus 0000:00
[    0.500009] pci_bus 0000:00: root bus resource [io  0x0000-0x0cf7 window]
[    0.640011] pci_bus 0000:00: root bus resource [io  0x0d00-0xffff window]
[    0.732014] pci_bus 0000:00: root bus resource [mem 0x000a0000-0x000bffff window]
[    0.736012] pci_bus 0000:00: root bus resource [mem 0x40000000-0xfdffffff window]
[    0.752012] pci_bus 0000:00: root bus resource [bus 00-ff]
[    0.762213] pci 0000:00:01.1: legacy IDE quirk: reg 0x10: [io  0x01f0-0x01f7]
[    0.836011] pci 0000:00:01.1: legacy IDE quirk: reg 0x14: [io  0x03f6]
[    0.980011] pci 0000:00:01.1: legacy IDE quirk: reg 0x18: [io  0x0170-0x0177]
[    1.120011] pci 0000:00:01.1: legacy IDE quirk: reg 0x1c: [io  0x0376]
[    1.214495] pci 0000:00:07.0: quirk: [io  0x4000-0x403f] claimed by PIIX4 ACPI
[    1.216028] pci 0000:00:07.0: quirk: [io  0x4100-0x410f] claimed by PIIX4 SMB
[    1.229990] ACPI: PCI Interrupt Link [LNKA] (IRQs 5 9 10 *11)
[    1.231951] ACPI: PCI Interrupt Link [LNKB] (IRQs 5 9 *10 11)
[    1.232218] ACPI: PCI Interrupt Link [LNKC] (IRQs 5 *9 10 11)
[    1.234113] ACPI: PCI Interrupt Link [LNKD] (IRQs 5 9 10 *11)
[    1.236387] SCSI subsystem initialized
[    1.237501] pci 0000:00:02.0: vgaarb: setting as boot VGA device
[    1.237628] pci 0000:00:02.0: vgaarb: VGA device added: decodes=io+mem,owns=io+mem,locks=none
[    1.240005] pci 0000:00:02.0: vgaarb: bridge control possible
[    1.244001] vgaarb: loaded
[    1.244719] ACPI: bus type USB registered
[    1.245739] usbcore: registered new interface driver usbfs
[    1.247025] usbcore: registered new interface driver hub
[    1.248016] usbcore: registered new device driver usb
[    1.249289] EDAC MC: Ver: 3.0.0
[    1.252375] PCI: Using ACPI for IRQ routing
[    1.260212] NetLabel: Initializing
[    1.264002] NetLabel:  domain hash size = 128
[    1.268002] NetLabel:  protocols = UNLABELED CIPSOv4 CALIPSO
[    1.272030] NetLabel:  unlabeled traffic allowed by default
[    1.276093] clocksource: Switched to clocksource kvm-clock
[   .374 V: Disquasqu_6.0[    1.8198] VF Dot-cche hsh table entries: 512 (order 0, 4096 bytes)
[    2.028636] AppArmor: AppArmor Filesystem Enabled
[    2.029978] pnp: PnP ACPI init
[    2.032398] pnp: PnP ACPI: found 3 devices

[    2.045225] clocksource: acpi_pm: mask: 0xffffff max_cycles: 0xffffff, max_idle_ns: 2085701024 ns
[    2.048132] NET: Registered protocol family 2
[    2.051233] TCP established hash table entries: 8192 (order: 4, 65536 bytes)
[    2.053536] TCP bind hash table entries: 8192 (order: 5, 131072 bytes)
[    2.055266] TCP: Hash tables configured (established 8192 bind 8192)
[    2.58081]UDP hh blenies: 52 (order: , 6384 bytes)
[    2.356585] UDP-Lite hash table entries: 512 (order: 2, 16384 bytes)
[   2.5856NET: Registreprtoco fmily1    2.83323pci 00:0000.0: Limitindirect PCI/PCI transfers
[    2.953947] pci 0000:00:01.0Acivtin IA MA hang workarounds

[    3.122625] pci 0000:00:02.0: Video device with shadowed ROM at [mem 0x000c0000-0x000dffff]
[    3.128963] Unpacking initramfs...
[  344314] reeing initrd memory: 19532K
[    3.561175] pltfm rc_cmos: registered platform RTC device (no PNP device fun)   34368] cani f low emry corruption evey 60 seonds

[    4.149769] Initialise system trusted keyrings
[    4.208434] Key type blacklist registered
[    4.209977] workingset: timestamp_bits=36 max_order=18 bucket_order=0
[    4.237401] zbud: loaded
[    4.238606] squashfs: version 4.0 (2009/01/31) Phillip Lougher
[    4.240748] fuse init (API version 7.26)
[    4.248488] Key type asymmetric registered
[    4.249832] Asymmetric key parser 'x509' registered
[    4.251467] Block layer SCSI generic (bsg) driver version 0.4 loaded (major 246)
[    4.255887] io scheduler noop registered
[    4.257335] io scheduler deadline registered
[    4.258880] io scheduler cfq registered (default)
[    4.261015] ACPI: AC Adapter [AC] (on-line)
[    4.265008] input: Power Button as /devices/LNXSYSTM:00/LNXPWRBN:00/input/input0
[    4.267594] ACPI: Power Button [PWRF]
[    4.269259] input: Sleep Button as /devices/LNXSYSTM:00/LNXSLPBN:00/input/input1
[    4.271711] ACPI: Sleep Button [SLPF]
[    4.274692] ACPI: Battery Slot [BAT0] (battery present)
[    4.2768]Seial 80/65 dve 32 port, IRQ hainenle

[    4.301633] 00:02: ttyS0 at I/O 0x3f8 (irq = 4, base_baud = 115200) is a 16550A
[    4.823770] Linux agpgart interface v0.103
[    5.016331] tsc: Refined TSC clocksource calibration: 2304.654 MHz
[    5.118165] clocksource: tsc: mask: 0xffffffffffffffff max_cycles: 0x213861aefd8, max_idle_ns: 440795227869 ns
[    5.209427] loop: module loaded
[    5.265939] scsi host0: ata_piix
[    5.303701] scsi host1: ata_piix
[    5.334828] ata1: PATA max UDMA/33 cmd 0x1f0 ctl 0x3f6 bmdma 0xd000 irq 14
[    5.336964] ata2: PATA max UDMA/33 cmd 0x170 ctl 0x376 bmdma 0xd008 irq 15
[    5.339043] libphy: Fixed MDIO Bus: probed
[    5.342301] tun: Universal TUN/TAP device driver, 1.6
[    5.344007] PPP generic driver version 2.4.2
[    5.345433] ehci_hcd: USB 2.0 'Enhanced' Host Controller (EHCI) Driver
[    5.347442] ehci-pci: EHCI PCI platform driver
[    5.348804] ehci-platform: EHCI generic platform driver
[    5.350384] ohci_hcd: USB 1.1 'Open' Host Controller (OHCI) Driver
[    5.352397] ohci-pci: OHCI PCI platform driver
[    5.353828] ohci-platform: OHCI generic platform driver
[    5.355399] uhci_hcd: USB Universal Host Controller Interface driver
[    5.357420] i8042: PNP: PS/2 Controller [PNP0303:PS2K,PNP0f03:PS2M] at 0x60,0x64 irq 1,12
[    5.360491] serio: i8042 KBD port at 0x60,0x64 irq 1
[    5.362059] serio: i8042 AUX port at 0x60,0x64 irq 12
[    5.363587] mousedev: PS/2 mouse device common for all mice
[    5.365328] input: AT Translated Set 2 keyboard as /devices/platform/i8042/serio0/input/input2
[    5.368352] rtc_cmos rtc_cmos: rtc core: registered rtc_cmos as rtc0
[    5.379501] rtc_cmos rtc_cmos: alarms up to one day, 114 bytes nvram
[    5.462627] i2c /dev entries driver
[    5.464403] pcie_mp2_amd: AMD(R) PCI-E MP2 Communication Driver Version: 1.0
[    5.467740] device-mapper: uevent: version 1.0.3
[    5.469958] device-mapper: ioctl: 4.37.0-ioctl (2017-09-20) initialised: dm-devel@redhat.com
[    5.473502] ledtrig-cpu: registered to indicate activity on CPUs
[    5.476903] NET: Registered protocol family 10
[    5.482951] Segment Routing with IPv6
[    5.484709] NET: Registered protocol family 17
[    5.486913] Key type dns_resolver registered
[    5.489179] RAS: Correctable Errors collector initialized.
[    5.491823] sched_clock: Marking stable (5489098956, 0)->(11205824319, -5716725363)
[    5.496079] registered taskstats version 1
[    5.498150] Loading compiled-in X.509 certificates
[    5.502901] Loaded X.509 cert 'Build time autogenerated kernel key: 6afcca3ddc80072aeae87585a7fdb65d40603f58'
[    5.506993] zswap: loaded using pool lzo/zbud
[    5.512266] Key type big_key registered
[    5.513268] Key type trusted registered
[    5.515402] Key type encrypted registered
[    5.516444] AppArmor: AppArmor sha1 policy hashing enabled
[    5.517763] ima: No TPM chip found, activating TPM-bypass! (rc=-19)
[    5.520087] ima: Allocated hash algorithm: sha1
[    5.525224] evm: HMAC attrs: 0x1
[    5.530220]   Magic number: 3:985:378
[    5.537248] rtc_cmos rtc_cmos: setting system clock to 2019-01-27 11:22:53 UTC (1548588173)
[    5.541546] BIOS EDD facility v0.16 2004-Jun-25, 0 devices found
[    5.543413] EDD information not available.
[    5.561526] Freeing unused kernel memory: 2408K
[    5.589465] Write protecting the kernel read-only data: 20480k
[    5.593300] Freeing unused kernel memory: 2008K
[    5.598330] Freeing unused kernel memory: 1892K
[    5.603793] x86/mm: Checked W+X mappings: passed, no W+X pages found.
[    5.605407] x86/mm: Checking user space page tables
[    5.611129] x86/mm: Checked W+X mappings: passed, no W+X pages found.
Loading, please wait...
starting version 237
[    5.675211] e1000: Intel(R) PRO/1000 Network Driver - version 7.3.21-k8-NAPI
[    5.774619] e1000: Copyright (c) 1999-2006 Intel Corporation.
[    5.867547] Fusion MPT base driver 3.04.20
[    5.880372] Copyright (c) 1999-2008 LSI Corporation
[    5.891976] AVX2 version of gcm_enc/dec engaged.
[    5.899692] AES CTR mode by8 optimization enabled
[    5.909580] vboxvideo: loading out-of-tree module taints kernel.
[    5.941576] vboxvideo: module verification failed: signature and/or required key missing - tainting kernel
[    5.941810] Fusion MPT SPI Host driver 3.04.20
[    6.124705] input: ImExPS/2 Generic Explorer Mouse as /devices/platform/i8042/serio1/input/input4
[    6.376833] e1000 0000:00:03.0 eth0: (PCI:33MHz:32-bit) 02:62:7a:79:f6:ca
[    7.567181] e1000 0000:00:03.0 eth0: Intel(R) PRO/1000 Network Connection
[    7.569995] mptbase: ioc0: Initiating bringup
[    7.664644] ioc0: LSI53C1030 A0: Capabilities={Initiator}
[    8.071653] scsi host2: ioc0: LSI53C1030 A0, FwRev=00000000h, Ports=1, MaxQ=256, IRQ=20
[    8.241004] scsi 2:0:0:0: Direct-Access     VBOX     HARDDISK         1.0  PQ: 0 ANSI: 5
[    8.241990] [drm] VRAM 01000000
[    8.242284] [TTM] Zone  kernel: Available graphics memory: 504464 kiB
[    8.242285] [TTM] Initializing pool allocator
[    8.242288] [TTM] Initializing DMA pool allocator
[    8.614593] fbcon: vboxdrmfb (fb0) is primary device
[    8.617620] Console: switching to colour frame buffer device 100x37
[    8.622240] vboxvideo 0000:00:02.0: fb0: vboxdrmfb frame buffer device
[    8.636105] [drm] Initialized vboxvideo 1.0.0 20130823 for 0000:00:02.0 on minor 0
[    8.648088] scsi target2:0:0: Beginning Domain Validation
[    8.651759] scsi target2:0:0: Domain Validation skipping write tests
[    8.653305] scsi target2:0:0: Ending Domain Validation
[    8.654643] scsi target2:0:0: asynchronous
[    8.656187] scsi 2:0:1:0: Direct-Access     VBOX     HARDDISK         1.0  PQ: 0 ANSI: 5
[    8.684129] scsi target2:0:1: Beginning Domain Validation
[    8.718452] random: fast init done
[    8.774285] scsi target2:0:1: Domain Validation skipping write tests
[    8.803457] scsi target2:0:1: Ending Domain Validation
[    8.824178] scsi target2:0:1: asynchronous
[    8.855050] sd 2:0:0:0: Attached scsi generic sg0 type 0
[    8.855225] random: systemd-udevd: uninitialized urandom read (16 bytes read)
[    8.855285] sd 2:0:0:0: [sda] 20971520 512-byte logical blocks: (10.7 GB/10.0 GiB)
[    8.855328] random: systemd-udevd: uninitialized urandom read (16 bytes read)
[    8.855331] random: systemd-udevd: uninitialized urandom read (16 bytes read)
[    8.855393] sd 2:0:0:0: [sda] Write Protect is off
[    8.855506] sd 2:0:0:0: [sda] Incomplete mode parameter data
[    8.855507] sd 2:0:0:0: [sda] Assuming drive cache: write through
[    8.861581]  sda: sda1
[    8.872348] sd 2:0:0:0: [sda] Attached SCSI disk
[    9.125239] sd 2:0:1:0: Attached scsi generic sg1 type 0
[    9.125756] sd 2:0:1:0: [sdb] 20480 512-byte logical blocks: (10.5 MB/10.0 MiB)
[    9.125876] sd 2:0:1:0: [sdb] Write Protect is off
[    9.133417] sd 2:0:1:0: [sdb] Incomplete mode parameter data
[    9.133418] sd 2:0:1:0: [sdb] Assuming drive cache: write through
[    9.134167] e1000 0000:00:08.0 eth1: (PCI:33MHz:32-bit) 08:00:27:87:f4:19
[    9.134170] e1000 0000:00:08.0 eth1: Intel(R) PRO/1000 Network Connection
[    9.274377] e1000 0000:00:08.0 enp0s8: renamed from eth1
[    9.274911] sd 2:0:1:0: [sdb] Attached SCSI disk
[    9.638422] e1000 0000:00:03.0 enp0s3: renamed from eth0
Begin: Loading essential drivers ... [    9.858584] raid6: sse2x1   gen() 14622 MB/s
[   10.056575] raid6: sse2x1   xor()  8730 MB/s
[   10.177017] raid6: sse2x2   gen() 15434 MB/s
[   10.308463] raid6: sse2x2   xor()  9122 MB/s
[   10.440036] raid6: sse2x4   gen() 15830 MB/s
[   10.660145] raid6: sse2x4   xor() 10533 MB/s
[   10.800034] raid6: avx2x1   gen() 21990 MB/s
[   10.856476] raid6: avx2x1   xor() 15916 MB/s
[   10.907535] raid6: avx2x2   gen() 31051 MB/s
[   11.020021] raid6: avx2x2   xor() 17848 MB/s
[   11.159825] raid6: avx2x4   gen() 38567 MB/s
[   11.356237] raid6: avx2x4   xor() 21188 MB/s
[   11.479078] raid6: using algorithm avx2x4 gen() 38567 MB/s
[   11.590901] raid6: .... xor() 21188 MB/s, rmw enabled
[   11.671375] raid6: using avx2x2 recovery algorithm
[   11.674396] xor: automatically using best checksumming function   avx       
[   11.677642] async_tx: api initialized (async)
done.
Begin: Running /scripts/init-premount ... done.
Begin: Mounting root file sys[   11.719151] Btrfs loaded, crc32c=crc32c-intel
tem ... Begin: Running /scripts/local-top ... done.
Begin: Running /scripts/local-premount ... Scanning for Btrfs filesystems
done.
Warning: fsck not present, so skipping root file system
[   11.798992] EXT4-fs (sda1): mounted filesystem with ordered data mode. Opts: (null)
done.
Begin: Running /scripts/local-bottom ... done.
Begin: Running /scripts/init-bottom ... done.
[   11.994078] ip_tables: (C) 2000-2006 Netfilter Core Team
[   12.002899] systemd[1]: systemd 237 running in system mode. (+PAM +AUDIT +SELINUX +IMA +APPARMOR +SMACK +SYSVINIT +UTMP +LIBCRYPTSETUP +GCRYPT +GNUTLS +ACL +XZ +LZ4 +SECCOMP +BLKID +ELFUTILS +KMOD -IDN2 +IDN -PCRE2 default-hierarchy=hybrid)
[   12.008082] systemd[1]: Detected virtualization oracle.
[   12.009471] systemd[1]: Detected architecture x86-64.

Welcome to [1mUbuntu 18.04.1 LTS[0m!

[   12.019190] systemd[1]: Set hostname to <ubuntu-bionic>.
[   12.271935] systemd[1]: Reached target System Time Synchronized.
[[0;32m  OK  [0m] Reached target System Time Synchronized.
[   12.276825] systemd[1]: Created slice User and Session Slice.
[[0;32m  OK  [0m] Created slice User and Session Slice.
[   12.309658] systemd[1]: Set up automount Arbitrary Executable File Formats File System Automount Point.
[[0;32m  OK  [0m] Set up automount Arbitrary Executab…rmats File System Automount Point.
[   14.077369] systemd[1]: Started Forward Password Requests to Wall Directory Watch.
[[0;32m  OK  [0m] Started Forward Password Requests to Wall Directory Watch.
[   15.468767] systemd[1]: Reached target User and Group Name Lookups.
[[0;32m  OK  [0m] Reached target User and Group Name Lookups.
[   16.184863] systemd[1]: Reached target Swap.
[[0;32m  OK  [0m] Reached target Swap.
[[0;32m  OK  [0m] Created slice System Slice.
[[0;32m  OK  [0m] Listening on Device-mapper event daemon FIFOs.
[[0;32m  OK  [0m] Listening on udev Control Socket.
[[0;32m  OK  [0m] Listening on Network Service Netlink Socket.
[[0;32m  OK  [0m] Listening on /dev/initctl Compatibility Named Pipe.
[[0;32m  OK  [0m] Listening on LVM2 metadata daemon socket.
[[0;32m  OK  [0m] Listening on Journal Socket (/dev/log).
[[0;32m  OK  [0m] Listening on LVM2 poll daemon socket.
[[0;32m  OK  [0m] Listening on Syslog Socket.
[[0;32m  OK  [0m] Reached target Slices.
[[0;32m  OK  [0m] Listening on Journal Socket.
         Starting Create list of required st…ce nodes for the current kernel...
         Mounting Huge Pages File System...
         Starting Monitoring of LVM2 mirrors…ng dmeventd or progress polling...
         Starting Set the console keyboard layout...
         Starting Uncomplicated firewall...
         Starting Remount Root and Kernel File Systems...
[[0;32m  OK  [0m] Listening on Journal Audit Socket.
         Mounting Kernel Debug File System...
[   16.387756] EXT4-fs (sda1): re-mounted. Opts: (null)
         Starting Load Kernel Modules...
         Mounting POSIX Message Queue File System...
[[0;32m  OK  [0m] Created slice system-serial\x2dgetty.slice.
[[0;32m  OK  [0m] Listening on udev Kernel Socket.
         Starting udev Coldplug all Devices...
         Starting Journal Servic[   16.425541] Loading iSCSI transport class v2.0-870.
e...
[[0;32m  OK  [0m] Started Create list of required sta…vice nodes for the current kernel.
[[0;32m  OK  [0m] Mounted Huge Pages File System.
[[0;32m  OK  [0m] Started Uncomplicated firewall.
[[0;32m  OK  [0m] Started Remount Root and Kernel File Systems.
[[0;32m  OK  [0m] Mounted Kernel Debug File System.
[[0;32m  OK  [0m] Mounted POSIX Message Queue File System.
[[0;32m  OK  [0m] Started LVM2 metadata daemon.
         Starting Load/Sa[   16.535786] iscsi: registered transport (tcp)
ve Random Seed...
         Starting Initial cloud-init job (pre-networking)...
         Starting Create Static Device Nodes in /dev...
[[0;32m  OK  [0m] Started Journal Service.
[[0;32m  OK  [0m] Started Monitoring of LVM2 mirrors,…sing dmeventd or progress polling.
[[0;32m  OK  [0m] Started Set the console keyboard layout.
[[   16.644755] random: crng init done
[   16.645816] random: 7 urandom warning(s) missed due to ratelimiting
[0;32m  OK  [0m] Started udev Coldplug all Devices.
[[0;32m  OK  [0m] Started Load/Save Random Seed.
         Starting Flush Journal to Persistent Storage...
[[0;32m  OK  [0m] Started Create Static Device Nodes in /dev.
         Starting udev Kernel Device Manager...
[[0;32m  OK  [0m] Reached target Local File Systems (Pre).
[[0;32m  OK  [0m] Reached target Local File Systems.
         Starting Tell Plymouth To Write Out Runtime Data...
         Starting ebtables ruleset management...
         Starting AppArmor initialization...
         Starting Set console font and keymap...
[   16.791871] systemd-journald[406]: Received request to flush runtime journal from PID 1
[   16.836326] iscsi: registered transport (iser)
[[0;32m  OK  [0m] Started Load Kernel Modules.
         Starting Apply Kernel Variables...
         Mounting FUSE Control File System...
         Mounting Kernel Configuration File System...
[[0;32m  OK  [0m] Mounted FUSE Control File System.
[[0;32m  OK  [0m] Mounted Kernel Configuration File System.
[[0;32m  OK  [0m] Started udev Kernel Device Manager.
[[0;32m  OK  [0m] Started Dispatch Password Requests to Console Directory Watch.
[[0;32m  OK  [0m] Reached target Local Encrypted Volumes.
[[0;32m  OK  [0m] Started Tell Plymouth To Write Out Runtime Data.
[[0;32m  OK  [0m] Started Set console font and keymap.
[[0;32m  OK  [0m] Started Apply Kernel Variables.
[[0;32m  OK  [0m] Found device /dev/ttyS0.
[[0;32m  OK  [0m] Listening on Load/Save RF Kill Switch Status /dev/rfkill Watch.
[[0;32m  OK  [0m] Started ebtables ruleset management.
[[0;32m  OK  [0m] Started Flush Journal to Persistent Storage.
         Starting Create Volatile Files and Directories...
[[0;32m  OK  [0m] Started Create Volatile Files and Directories.
         Starting Update UTMP about System Boot/Shutdown...
[[0;32m  OK  [0m] Started Update UTMP about System Boot/Shutdown.
[[0;32m  OK  [0m] Started AppArmor initialization.
[   18.081794] cloud-init[415]: Cloud-init v. 18.4-0ubuntu1~18.04.1 running 'init-local' at Sun, 27 Jan 2019 11:23:05 +0000. Up 17.89 seconds.
[[0;32m  OK  [0m] Started Initial cloud-init job (pre-networking).
[[0;32m  OK  [0m] Reached target Network (Pre).
         Starting Network Service...
[[0;32m  OK  [0m] Started Network Service.
         Starting Network Name Resolution...
         Starting Wait for Network to be Configured...
[[0;32m  OK  [0m] Started Network Name Resolution.
[[0;32m  OK  [0m] Reached target Host and Network Name Lookups.
[[0;32m  OK  [0m] Reached target Network.
[[0;32m  OK  [0m] Started Wait for Network to be Configured.
         Starting Initial cloud-init job (metadata service crawler)...
[   20.047283] cloud-init[712]: Cloud-init v. 18.4-0ubuntu1~18.04.1 running 'init' at Sun, 27 Jan 2019 11:23:07 +0000. Up 19.93 seconds.
[   20.116265] cloud-init[712]: ci-info: ++++++++++++++++++++++++++++++++++++++Net device info+++++++++++++++++++++++++++++++++++++++
[   20.119232] cloud-init[712]: ci-info: +--------+------+-----------------------------+---------------+--------+-------------------+
[   20.121877] cloud-init[712]: ci-info: | Device |  Up  |           Address           |      Mask     | Scope  |     Hw-Address    |
[   20.124420] cloud-init[712]: ci-info: +--------+------+-----------------------------+---------------+--------+-------------------+
[   20.126799] cloud-init[712]: ci-info: | enp0s3 | True |          10.0.2.15          | 255.255.255.0 | global | 02:62:7a:79:f6:ca |
[   20.138106] cloud-init[712]: ci-info: | enp0s3 | True |  fe80::62:7aff:fe79:f6ca/64 |       .       |  link  | 02:62:7a:79:f6:ca |
[   20.155071] cloud-init[712]: ci-info: | enp0s8 | True |        192.168.33.10        | 255.255.255.0 | global | 08:00:27:87:f4:19 |
[   20.164996] cloud-init[712]: ci-info: | enp0s8 | True | fe80::a00:27ff:fe87:f419/64 |       .       |  link  | 08:00:27:87:f4:19 |
[   20.168972] cloud-init[712]: ci-info: |   lo   | True |          127.0.0.1          |   255.0.0.0   |  host  |         .         |
[   20.171492] cloud-init[712]: ci-info: |   lo   | True |           ::1/128           |       .       |  host  |         .         |
[   20.174005] cloud-init[712]: ci-info: +--------+------+-----------------------------+---------------+--------+-------------------+
[   20.176477] cloud-init[712]: ci-info: +++++++++++++++++++++++++++++Route IPv4 info+++++++++++++++++++++++++++++
[   20.178627] cloud-init[712]: ci-info: +-------+--------------+----------+-----------------+-----------+-------+
[   20.180868] cloud-init[712]: ci-info: | Route | Destination  | Gateway  |     Genmask     | Interface | Flags |
[   20.183016] cloud-init[712]: ci-info: +-------+--------------+----------+-----------------+-----------+-------+
[   20.192244] cloud-init[712]: ci-info: |   0   |   0.0.0.0    | 10.0.2.2 |     0.0.0.0     |   enp0s3  |   UG  |
[   20.194924] cloud-init[712]: ci-info: |   1   |   10.0.2.0   | 0.0.0.0  |  255.255.255.0  |   enp0s3  |   U   |
[   20.197646] cloud-init[712]: ci-info: |   2   |   10.0.2.2   | 0.0.0.0  | 255.255.255.255 |   enp0s3  |   UH  |
[   20.264728] cloud-init[712]: ci-info: |   3   | 192.168.33.0 | 0.0.0.0  |  255.255.255.0  |   enp0s8  |   U   |
[[0;32m  OK  [0m] Started Initial cloud-init job (metadata service crawler).
[[0;32m  OK  [0m] Reached target Cloud-config availability.
[[0;32m  OK  [0m] Reached target System Initialization.
[   20.339184] cloud-init[712]: ci-info: +-------+--------------+----------+-----------------+-----------+-------+
         Starting LXD - unix socket.
[   20.547699]          cloud-initStarting Socket activation for snappy daemon.[712]: 
ci-info: +++++++++++++++++++Route IPv6 info+++++++++++++++++++
[[0;32m  OK  [0m] Listening on UUID daemon activation socket.
[   20.649670] [[0;32m  OK  [0m] Listening on ACPID Listen Socket.
[[0;32m  OK  [0m] Started Daily apt download activities.
cloud-init[712]: ci-info: +-------+-------------+---------+-----------+-------+
[[0;32m  OK  [0m] Started ACPI Events Check.
[   20.657164] cloud-init[[0;32m  OK  [0m] Listening on Open-iSCSI iscsid Socket.
[[0;32m  OK  [0m] Reached target Paths.
[[0;32m  OK  [0m] Listening on D-Bus System Message Bus Socket.
[[0;32m  OK  [0m] Started Message of the Day.
[[0;32m  OK  [0m] Started Daily apt upgrade and clean activities.
[[0;32m  OK  [0m] Started Discard unused blocks once a week.
[[0;32m  OK  [0m] Started Daily Cleanup of Temporary Directories.
[[0;32m  OK  [0m] Reached target Timers.
[[0;32m  OK  [0m] Reached target Network is Online.
[712]: ci-info: | Route | Destination | Gateway | Interface | Flags |
[[0;32m  OK  [0m] Reached target Remote File Systems (Pre).
[[0;32m  OK  [0m] Reached target Remote File Systems.
[   20.673719] cloud-init[712]: ci-info: +-------+-------------+---------+-----------+-------+
         Starting Availability of block devices...
[[0;32m  OK  [0m] Listening on LXD - unix socket.
[[0;32m  OK  [0m] Listening on Socket activation for snappy daemon.
[   20.682818] [[0;32m  OK  [0m] Started Availability of block devices.
[[0;32m  OK  [0m] Reached target Sockets.
[[0;32m  OK  [0m] Reached target Basic System.
         Starting Accounts Service...
         Starting LSB: Record successful boot for GRUB...
cloud-init[712]: ci-info: |   1   |  fe80::/64  |    ::   |   enp0s8  |   U   |         
[   20.697580] cloud-init[712]: ci-info: |   2   |  fe80::/64  |    ::   |   enp0s3  |   U   |Starting Login Service...

[   20.702285] cloud-init[712]: ci-info: |   4   |    local    |    ::   |   enp0s3  |   U   |
[   20.716318] cloud-init[712]: ci-info: |   5   |    local    |    ::   |   enp0s8  |   U   |
         Starting Dispatcher daemon for systemd-networkd...
[   20.722369] cloud-init[712]: ci-info: |   6   |   ff00::/8  |    ::   |   enp0s8  |   U   |
[   20.730572] cloud-init[712]: ci-info: |   7   |   ff00::/8  |    ::   |   enp0s3  |   U   |
[   20.733869] cloud-init[712]: ci-info: +-------+-------------+---------+-----------+-------+
         Starting Snappy daemon...
         Starting vboxadd.service...
         Starting Permit User Sessions...
[[0;32m  OK  [0m] Started D-Bus System Message Bus.
         Starting OpenBSD Secure Shell server...
[[0;32m  OK  [0m] Started Regular background program processing daemon.
         Starting System Logging Service...
[[0;32m  OK  [0m] Started irqbalance daemon.
[[0;32m  OK  [0m] Started FUSE filesystem for LXC.
[[0;32m  OK  [0m] Started Deferred execution scheduler.
         Starting LSB: automatic crash report generation...
         Starting LXD - container startup/shutdown...
[[0;32m  OK  [0m] Started Permit User Sessions.
[[0;32m  OK  [0m] Started Login Service.
[[0;32m  OK  [0m] Started Unattended Upgrades Shutdown.
         Starting Hold until boot process finishes up...
         Starting Terminate Plymouth Boot Screen...
[[0;32m  OK  [0m] Started Hold until boot process finishes up.
[[0;32m  OK  [0m] Started Serial Getty on ttyS0.
         Starting Set console scheme...
[[0;32m  OK  [0m] Started Terminate Plymouth Boot Screen.
[[0;32m  OK  [0m] Started System Logging Service.
[[0;32m  OK  [0m] Started Snappy daemon.
         Starting Wait until snapd is fully seeded...
[[0;32m  OK  [0m] Started Set console scheme.
[[0;32m  OK  [0m] Created slice system-getty.slice.
[[0;32m  OK  [0m] Started Getty on tty1.
[[0;32m  OK  [0m] Reached target Login Prompts.
[[0;32m  OK  [0m] Started OpenBSD Secure Shell server.
[[0;32m  OK  [0m] Started Wait until snapd is fully seeded.
         Starting Apply the settings specified in cloud-config...
         Starting Authorization Manager...
[[0;32m  OK  [0m] Started LSB: Record successful boot for GRUB.
[[0;32m  OK  [0m] Started LSB: automatic crash report generation.
[[0;32m  OK  [0m] Started Authorization Manager.
[[0;32m  OK  [0m] Started Accounts Service.
[[0;32m  OK  [0m] Created slice User Slice of vagrant.
[[0;32m  OK  [0m] Started Dispatcher daemon for systemd-networkd.
[[0;32m  OK  [0m] Started Session 1 of user vagrant.
         Starting User Manager for UID 1000...
[[0;32m  OK  [0m] Started LXD - container startup/shutdown.
[[0;32m  OK  [0m] Started User Manager for UID 1000.
[[0;32m  OK  [0m] Started vboxadd.service.
         Starting vboxadd-service.service...
[[0;32m  OK  [0m] Started Apply the settings specified in cloud-config.
[[0;32m  OK  [0m] Started vboxadd-service.service.
[[0;32m  OK  [0m] Reached target Multi-User System.
         Starting Execute cloud user/final scripts...
[[0;32m  OK  [0m] Reached target Graphical Interface.
         Starting Update UTMP about System Runlevel Changes...
[[0;32m  OK  [0m] Started Update UTMP about System Runlevel Changes.
[   21.934182] cloud-init[960]: Cloud-init v. 18.4-0ubuntu1~18.04.1 running 'modules:config' at Sun, 27 Jan 2019 11:23:09 +0000. Up 21.71 seconds.
[   22.371579] cloud-init[1171]: Cloud-init v. 18.4-0ubuntu1~18.04.1 running 'modules:final' at Sun, 27 Jan 2019 11:23:10 +0000. Up 22.28 seconds.
[   22.500330] cloud-init[1171]: Cloud-init v. 18.4-0ubuntu1~18.04.1 finished at Sun, 27 Jan 2019 11:23:10 +0000. Datasource DataSourceNoCloud [seed=/dev/sdb][dsmode=net].  Up 22.36 seconds
[[0;32m  OK  [0m] Started Execute cloud user/final scripts.
[[0;32m  OK  [0m] Reached target Cloud-init target.

Ubuntu 18.04.1 LTS ubuntu-bionic ttyS0

ubuntu-bionic login: [[0;32m  OK  [0m] Stopped target Host and Network Name Lookups.
         Stop[[0;32m  OK  [0m] Stopped Getty on tty1.
[[0;32m  OK  [0m] Stopped Deferred execution scheduler.
[[0;32m  OK  [0m] Stopped Unattended Upgrades Shutdown.
[[0;32m  OK  [0m] Stopped Serial Getty on ttyS0.
[[0;32m  OK  [0m] Stopped OpenBSD Secure Shell server.
[[0;32m  OK  [0m] Stopped Authorization Manager.
[[0;32m  OK  [0m] Stopped User Manager for UID 1000.
[[0;32m  OK  [0m] Stopped Availability of block devices.
[[0;32m  OK  [0m] Stopped D-Bus System Message Bus.
[[0;32m  OK  [0m] Stopped FUSE filesystem for LXC.
[[0;32m  OK  [0m] Stopped Session 6 of user vagrant.
[[0;32m  OK  [0m] Removed slice User Slice of vagrant.
[[0;32m  OK  [0m] Removed slice system-serial\x2dgetty.slice.
         Stopping Login Service...
[[0;32m  OK  [0m] Removed slice system-getty.slice.
         Stopping Permit User Sessions...
[[0;32m  OK  [0m] Stopped LSB: Record successful boot for GRUB.
[[0;32m  OK  [0m] Stopped Login Service.
[[0;32m  OK  [0m] Stopped vboxadd-service.service.
[[0;32m  OK  [0m] Stopped LSB: automatic crash report generation.
[[0;32m  OK  [0m] Stopped Permit User Sessions.
[[0;32m  OK  [0m] Stopped target Network.
         Stopping Network Name Resolution...
[[0;32m  OK  [0m] Stopped target Remote File Systems.
[[0;32m  OK  [0m] Stopped target Remote File Systems (Pre).
         Stopping vboxadd.service...
[[0;32m  OK  [0m] Stopped target User and Group Name Lookups.
[[0;32m  OK  [0m] Unmounted /vagrant.
[[0;32m  OK  [0m] Stopped Network Name Resolution.
[[0;32m  OK  [0m] Stopped LXD - container startup/shutdown.
[[0;32m  OK  [0m] Stopped vboxadd.service.
[[0;32m  OK  [0m] Stopped target Basic System.
[[0;32m  OK  [0m] Stopped target Sockets.
[[0;32m  OK  [0m] Closed Open-iSCSI iscsid Socket.
[[0;32m  OK  [0m] Closed Socket activation for snappy daemon.
[[0;32m  OK  [0m] Closed D-Bus System Message Bus Socket.
[[0;32m  OK  [0m] Closed Syslog Socket.
[[0;32m  OK  [0m] Closed UUID daemon activation socket.
[[0;32m  OK  [0m] Closed ACPID Listen Socket.
[[0;32m  OK  [0m] Closed LXD - unix socket.
[[0;32m  OK  [0m] Stopped target Paths.
[[0;32m  OK  [0m] Stopped ACPI Events Check.
[[0;32m  OK  [0m] Stopped target Slices.
[[0;32m  OK  [0m] Removed slice User and Session Slice.
[[0;32m  OK  [0m] Stopped target System Initialization.
[[0;32m  OK  [0m] Stopped target Local Encrypted Volumes.
[[0;32m  OK  [0m] Stopped Forward Password Requests to Wall Directory Watch.
[[0;32m  OK  [0m] Stopped Dispatch Password Requests to Console Directory Watch.
[[0;32m  OK  [0m] Stopped Initial cloud-init job (metadata service crawler).
         Stopping Load/Save Random Seed...
         Stopping Update UTMP about System Boot/Shutdown...
         Stopping Network Service...
[[0;32m  OK  [0m] Stopped Load/Save Random Seed.
[[0;32m  OK  [0m] Stopped Update UTMP about System Boot/Shutdown.
[[0;32m  OK  [0m] Stopped Network Service.
[[0;32m  OK  [0m] Stopped Apply Kernel Variables.
[[0;32m  OK  [0m] Stopped Load Kernel Modules.
[[0;32m  OK  [0m] Stopped target Network (Pre).
[[0;32m  OK  [0m] Stopped Initial cloud-init job (pre-networking).
[[0;32m  OK  [0m] Stopped Create Volatile Files and Directories.
[[0;32m  OK  [0m] Stopped target Local File Systems.
         Unmounting /run/user/1000...
[[0;32m  OK  [0m] Unmounted /run/user/1000.
[[0;32m  OK  [0m] Reached target Unmount All Filesystems.
[[0;32m  OK  [0m] Stopped target Swap.
[[0;32m  OK  [0m] Stopped target Local File Systems (Pre).
         Stopping Monitoring of LVM2 mirrors…ng dmeventd or progress polling...
[[0;32m  OK  [0m] Stopped Remount Root and Kernel File Systems.
[[0;32m  OK  [0m] Stopped Create Static Device Nodes in /dev.
[[0;32m  OK  [0m] Reached target Shutdown.
[[0;32m  OK  [0m] Reached target Final Step.
         Starting Power-Off...
[[0;32m  OK  [0m] Stopped Monitoring of LVM2 mirrors,…sing dmeventd or progress polling.
         Stopping LVM2 metadata daemon...
[[0;32m  OK  [0m] Stopped LVM2 metadata daemon.
[ 5392.014614] reboot: Power down
